<?xml version="1.0" encoding="UTF-8"?>
<!-- Generated by org.testng.reporters.JUnitXMLReporter -->
<testsuite hostname="LAPTOP-04B1LE1H" ignored="2" name="Computer Page Test" tests="1" failures="0" timestamp="14 May 2022 10:13:23 GMT" time="9.081" errors="0">
  <testcase name="verifyUserShouldNavigateToDesktopsPageSuccessfully" time="1.255" classname="com.nopcommerce.demo.testsuite.ComputerPageTest"/>
  <testcase name="verifyUserShouldNavigateToComputerPageSuccessfully" time="0.0" classname="com.nopcommerce.demo.testsuite.ComputerPageTest">
    <ignored/>
  </testcase> <!-- verifyUserShouldNavigateToComputerPageSuccessfully -->
  <testcase name="verifyThatUserShouldBuildYourOwnComputerAndAddToCartSuccessfully" time="0.0" classname="com.nopcommerce.demo.testsuite.ComputerPageTest">
    <ignored/>
  </testcase> <!-- verifyThatUserShouldBuildYourOwnComputerAndAddToCartSuccessfully -->
</testsuite> <!-- Computer Page Test -->
