<?xml version="1.0" encoding="UTF-8"?>
<!-- Generated by org.testng.reporters.JUnitXMLReporter -->
<testsuite hostname="LAPTOP-04B1LE1H" ignored="2" name="Registration Page Test" tests="1" failures="0" timestamp="14 May 2022 10:14:00 GMT" time="5.559" errors="0">
  <testcase name="verifyThatFirstNameLastNameEmailPasswordAndConfirmPasswordFieldsAreMandatory" time="1.062" classname="com.nopcommerce.demo.testsuite.RegisterPageTest"/>
  <testcase name="verifyUserShouldNavigateToRegisterPageSuccessfully" time="0.0" classname="com.nopcommerce.demo.testsuite.RegisterPageTest">
    <ignored/>
  </testcase> <!-- verifyUserShouldNavigateToRegisterPageSuccessfully -->
  <testcase name="verifyThatUserShouldCreateAccountSuccessfully" time="0.0" classname="com.nopcommerce.demo.testsuite.RegisterPageTest">
    <ignored/>
  </testcase> <!-- verifyThatUserShouldCreateAccountSuccessfully -->
</testsuite> <!-- Registration Page Test -->
