<?xml version="1.0" encoding="UTF-8"?>
<testng-results skipped="0" failed="1" ignored="6" total="10" passed="3">
  <reporter-output>
    <line>
      <![CDATA[Click on 'Computers' tab <br>]]>
    </line>
    <line>
      <![CDATA[Click on 'Desktops' link <br>]]>
    </line>
    <line>
      <![CDATA[Get pageTitle text Desktops<br>]]>
    </line>
    <line>
      <![CDATA[Clicking on login link Log in<br>]]>
    </line>
    <line>
      <![CDATA[Enter email prime123@gmail.com to email field <br>]]>
    </line>
    <line>
      <![CDATA[Enter password prime123 to password field <br>]]>
    </line>
    <line>
      <![CDATA[Clicking on Login Button <br>]]>
    </line>
    <line>
      <![CDATA[Getting error message : Login was unsuccessful. Please correct the errors and try again.
No customer account found<br>]]>
    </line>
    <line>
      <![CDATA[Clicking on login link Log in<br>]]>
    </line>
    <line>
      <![CDATA[Enter email XXxbd@gmail.com to email field <br>]]>
    </line>
    <line>
      <![CDATA[Enter password Prime123 to password field <br>]]>
    </line>
    <line>
      <![CDATA[Clicking on Login Button <br>]]>
    </line>
    <line>
      <![CDATA[Click to see screenshot]]>
    </line>
    <line>
      <![CDATA[<a target = "_blank" href=C:\Users\jayen\PrimeTesting\PrimeBatch_7\nop-commerce-demo/test-output/html/verifyThatUserShouldLogInSuccessFullyWithValidCredentialsSat_May_14_11_13_53_BST_2022.jpg>Screenshot</a>]]>
    </line>
    <line>
      <![CDATA[<br>]]>
    </line>
    <line>
      <![CDATA[<br>]]>
    </line>
    <line>
      <![CDATA[<a target = "_blank" href=C:\Users\jayen\PrimeTesting\PrimeBatch_7\nop-commerce-demo/test-output/html/verifyThatUserShouldLogInSuccessFullyWithValidCredentialsSat_May_14_11_13_53_BST_2022.jpg><img src=C:\Users\jayen\PrimeTesting\PrimeBatch_7\nop-commerce-demo/test-output/html/verifyThatUserShouldLogInSuccessFullyWithValidCredentialsSat_May_14_11_13_53_BST_2022.jpg height=200 width=200></img></a>]]>
    </line>
    <line>
      <![CDATA[Click to see screenshot]]>
    </line>
    <line>
      <![CDATA[<a target = "_blank" href=C:\Users\jayen\PrimeTesting\PrimeBatch_7\nop-commerce-demo/test-output/html/verifyThatUserShouldLogInSuccessFullyWithValidCredentialsSat_May_14_11_13_53_BST_2022.jpg>Screenshot</a>]]>
    </line>
    <line>
      <![CDATA[<br>]]>
    </line>
    <line>
      <![CDATA[<br>]]>
    </line>
    <line>
      <![CDATA[<a target = "_blank" href=C:\Users\jayen\PrimeTesting\PrimeBatch_7\nop-commerce-demo/test-output/html/verifyThatUserShouldLogInSuccessFullyWithValidCredentialsSat_May_14_11_13_53_BST_2022.jpg><img src=C:\Users\jayen\PrimeTesting\PrimeBatch_7\nop-commerce-demo/test-output/html/verifyThatUserShouldLogInSuccessFullyWithValidCredentialsSat_May_14_11_13_53_BST_2022.jpg height=200 width=200></img></a>]]>
    </line>
    <line>
      <![CDATA[Clicking on register link Register<br>]]>
    </line>
    <line>
      <![CDATA[Click on 'REGISTER' button<br>]]>
    </line>
    <line>
      <![CDATA[Click on 'REGISTER' button<br>]]>
    </line>
    <line>
      <![CDATA[Click on 'REGISTER' button<br>]]>
    </line>
    <line>
      <![CDATA[Click on 'REGISTER' button<br>]]>
    </line>
    <line>
      <![CDATA[Click on 'REGISTER' button<br>]]>
    </line>
    <line>
      <![CDATA[Click on 'REGISTER' button<br>]]>
    </line>
  </reporter-output>
  <suite name="Sanity Suite" duration-ms="46086" started-at="2022-05-14T10:13:14Z" finished-at="2022-05-14T10:14:00Z">
    <groups>
      <group name="regression">
        <method signature="ComputerPageTest.verifyUserShouldNavigateToDesktopsPageSuccessfully()[pri:2, instance:com.nopcommerce.demo.testsuite.ComputerPageTest@7d0587f1]" name="verifyUserShouldNavigateToDesktopsPageSuccessfully" class="com.nopcommerce.demo.testsuite.ComputerPageTest"/>
        <method signature="LoginPageTest.verifyErrorMessageWithInvalidCredentials()[pri:2, instance:com.nopcommerce.demo.testsuite.LoginPageTest@6acdbdf5]" name="verifyErrorMessageWithInvalidCredentials" class="com.nopcommerce.demo.testsuite.LoginPageTest"/>
        <method signature="LoginPageTest.verifyThatUserShouldLogInSuccessFullyWithValidCredentials()[pri:3, instance:com.nopcommerce.demo.testsuite.LoginPageTest@6acdbdf5]" name="verifyThatUserShouldLogInSuccessFullyWithValidCredentials" class="com.nopcommerce.demo.testsuite.LoginPageTest"/>
        <method signature="RegisterPageTest.verifyThatFirstNameLastNameEmailPasswordAndConfirmPasswordFieldsAreMandatory()[pri:2, instance:com.nopcommerce.demo.testsuite.RegisterPageTest@1f57539]" name="verifyThatFirstNameLastNameEmailPasswordAndConfirmPasswordFieldsAreMandatory" class="com.nopcommerce.demo.testsuite.RegisterPageTest"/>
      </group> <!-- regression -->
      <group name="sanity">
        <method signature="ComputerPageTest.verifyUserShouldNavigateToDesktopsPageSuccessfully()[pri:2, instance:com.nopcommerce.demo.testsuite.ComputerPageTest@7d0587f1]" name="verifyUserShouldNavigateToDesktopsPageSuccessfully" class="com.nopcommerce.demo.testsuite.ComputerPageTest"/>
        <method signature="LoginPageTest.verifyErrorMessageWithInvalidCredentials()[pri:2, instance:com.nopcommerce.demo.testsuite.LoginPageTest@6acdbdf5]" name="verifyErrorMessageWithInvalidCredentials" class="com.nopcommerce.demo.testsuite.LoginPageTest"/>
        <method signature="LoginPageTest.verifyThatUserShouldLogInSuccessFullyWithValidCredentials()[pri:3, instance:com.nopcommerce.demo.testsuite.LoginPageTest@6acdbdf5]" name="verifyThatUserShouldLogInSuccessFullyWithValidCredentials" class="com.nopcommerce.demo.testsuite.LoginPageTest"/>
        <method signature="RegisterPageTest.verifyThatFirstNameLastNameEmailPasswordAndConfirmPasswordFieldsAreMandatory()[pri:2, instance:com.nopcommerce.demo.testsuite.RegisterPageTest@1f57539]" name="verifyThatFirstNameLastNameEmailPasswordAndConfirmPasswordFieldsAreMandatory" class="com.nopcommerce.demo.testsuite.RegisterPageTest"/>
      </group> <!-- sanity -->
    </groups>
    <test name="Computer Page Test" duration-ms="9081" started-at="2022-05-14T10:13:14Z" finished-at="2022-05-14T10:13:23Z">
      <class name="com.nopcommerce.demo.testsuite.ComputerPageTest">
        <test-method status="PASS" signature="setUp()[pri:0, instance:com.nopcommerce.demo.testsuite.ComputerPageTest@7d0587f1]" name="setUp" is-config="true" duration-ms="6660" started-at="2022-05-14T10:13:14Z" finished-at="2022-05-14T10:13:20Z">
          <reporter-output>
          </reporter-output>
        </test-method> <!-- setUp -->
        <test-method status="PASS" signature="inIt()[pri:0, instance:com.nopcommerce.demo.testsuite.ComputerPageTest@7d0587f1]" name="inIt" is-config="true" duration-ms="78" started-at="2022-05-14T10:13:20Z" finished-at="2022-05-14T10:13:21Z">
          <reporter-output>
          </reporter-output>
        </test-method> <!-- inIt -->
        <test-method status="PASS" signature="verifyUserShouldNavigateToDesktopsPageSuccessfully()[pri:2, instance:com.nopcommerce.demo.testsuite.ComputerPageTest@7d0587f1]" name="verifyUserShouldNavigateToDesktopsPageSuccessfully" duration-ms="1255" started-at="2022-05-14T10:13:21Z" finished-at="2022-05-14T10:13:22Z">
          <reporter-output>
            <line>
              <![CDATA[Click on 'Computers' tab <br>]]>
            </line>
            <line>
              <![CDATA[Click on 'Desktops' link <br>]]>
            </line>
            <line>
              <![CDATA[Get pageTitle text Desktops<br>]]>
            </line>
          </reporter-output>
        </test-method> <!-- verifyUserShouldNavigateToDesktopsPageSuccessfully -->
        <test-method status="PASS" signature="tearDown()[pri:0, instance:com.nopcommerce.demo.testsuite.ComputerPageTest@7d0587f1]" name="tearDown" is-config="true" duration-ms="787" started-at="2022-05-14T10:13:22Z" finished-at="2022-05-14T10:13:23Z">
          <reporter-output>
          </reporter-output>
        </test-method> <!-- tearDown -->
      </class> <!-- com.nopcommerce.demo.testsuite.ComputerPageTest -->
    </test> <!-- Computer Page Test -->
    <test name="Login Page Test" duration-ms="30763" started-at="2022-05-14T10:13:23Z" finished-at="2022-05-14T10:13:54Z">
      <class name="com.nopcommerce.demo.testsuite.LoginPageTest">
        <test-method status="PASS" signature="setUp()[pri:0, instance:com.nopcommerce.demo.testsuite.LoginPageTest@6acdbdf5]" name="setUp" is-config="true" duration-ms="2534" started-at="2022-05-14T10:13:23Z" finished-at="2022-05-14T10:13:26Z">
          <reporter-output>
          </reporter-output>
        </test-method> <!-- setUp -->
        <test-method status="PASS" signature="inIt()[pri:0, instance:com.nopcommerce.demo.testsuite.LoginPageTest@6acdbdf5]" name="inIt" is-config="true" duration-ms="7" started-at="2022-05-14T10:13:26Z" finished-at="2022-05-14T10:13:26Z">
          <reporter-output>
          </reporter-output>
        </test-method> <!-- inIt -->
        <test-method status="PASS" signature="verifyErrorMessageWithInvalidCredentials()[pri:2, instance:com.nopcommerce.demo.testsuite.LoginPageTest@6acdbdf5]" name="verifyErrorMessageWithInvalidCredentials" duration-ms="1412" started-at="2022-05-14T10:13:26Z" finished-at="2022-05-14T10:13:27Z">
          <reporter-output>
            <line>
              <![CDATA[Clicking on login link Log in<br>]]>
            </line>
            <line>
              <![CDATA[Enter email prime123@gmail.com to email field <br>]]>
            </line>
            <line>
              <![CDATA[Enter password prime123 to password field <br>]]>
            </line>
            <line>
              <![CDATA[Clicking on Login Button <br>]]>
            </line>
            <line>
              <![CDATA[Getting error message : Login was unsuccessful. Please correct the errors and try again.
No customer account found<br>]]>
            </line>
          </reporter-output>
        </test-method> <!-- verifyErrorMessageWithInvalidCredentials -->
        <test-method status="PASS" signature="tearDown()[pri:0, instance:com.nopcommerce.demo.testsuite.LoginPageTest@6acdbdf5]" name="tearDown" is-config="true" duration-ms="754" started-at="2022-05-14T10:13:27Z" finished-at="2022-05-14T10:13:28Z">
          <reporter-output>
          </reporter-output>
        </test-method> <!-- tearDown -->
        <test-method status="PASS" signature="setUp()[pri:0, instance:com.nopcommerce.demo.testsuite.LoginPageTest@6acdbdf5]" name="setUp" is-config="true" duration-ms="3262" started-at="2022-05-14T10:13:28Z" finished-at="2022-05-14T10:13:31Z">
          <reporter-output>
          </reporter-output>
        </test-method> <!-- setUp -->
        <test-method status="PASS" signature="inIt()[pri:0, instance:com.nopcommerce.demo.testsuite.LoginPageTest@6acdbdf5]" name="inIt" is-config="true" duration-ms="3" started-at="2022-05-14T10:13:31Z" finished-at="2022-05-14T10:13:31Z">
          <reporter-output>
          </reporter-output>
        </test-method> <!-- inIt -->
        <test-method status="FAIL" signature="verifyThatUserShouldLogInSuccessFullyWithValidCredentials()[pri:3, instance:com.nopcommerce.demo.testsuite.LoginPageTest@6acdbdf5]" name="verifyThatUserShouldLogInSuccessFullyWithValidCredentials" duration-ms="21234" started-at="2022-05-14T10:13:31Z" finished-at="2022-05-14T10:13:52Z">
          <exception class="org.openqa.selenium.NoSuchElementException">
            <message>
              <![CDATA[no such element: Unable to locate element: {"method":"xpath","selector":"//a[normalize-space()='Log out']"}
  (Session info: chrome=101.0.4951.64)
For documentation on this error, please visit: https://selenium.dev/exceptions/#no_such_element
Build info: version: '4.0.0', revision: '3a21814679'
System info: host: 'LAPTOP-04B1LE1H', ip: '192.168.1.100', os.name: 'Windows 10', os.arch: 'amd64', os.version: '10.0', java.version: '1.8.0_121'
Driver info: org.openqa.selenium.chrome.ChromeDriver
Command: [4006a04e638451e00fadfc82d0336aaf, findElement {using=xpath, value=//a[normalize-space()='Log out']}]
Capabilities {acceptInsecureCerts: false, browserName: chrome, browserVersion: 101.0.4951.64, chrome: {chromedriverVersion: 101.0.4951.41 (93c720db8323..., userDataDir: C:\Users\jayen\AppData\Loca...}, goog:chromeOptions: {debuggerAddress: localhost:64313}, javascriptEnabled: true, networkConnectionEnabled: false, pageLoadStrategy: normal, platform: WINDOWS, platformName: WINDOWS, proxy: Proxy(), se:cdp: ws://localhost:64313/devtoo..., se:cdpVersion: 101.0.4951.64, setWindowRect: true, strictFileInteractability: false, timeouts: {implicit: 0, pageLoad: 300000, script: 30000}, unhandledPromptBehavior: dismiss and notify, webauthn:extension:credBlob: true, webauthn:extension:largeBlob: true, webauthn:virtualAuthenticators: true}
Session ID: 4006a04e638451e00fadfc82d0336aaf]]>
            </message>
            <full-stacktrace>
              <![CDATA[org.openqa.selenium.NoSuchElementException: no such element: Unable to locate element: {"method":"xpath","selector":"//a[normalize-space()='Log out']"}
  (Session info: chrome=101.0.4951.64)
For documentation on this error, please visit: https://selenium.dev/exceptions/#no_such_element
Build info: version: '4.0.0', revision: '3a21814679'
System info: host: 'LAPTOP-04B1LE1H', ip: '192.168.1.100', os.name: 'Windows 10', os.arch: 'amd64', os.version: '10.0', java.version: '1.8.0_121'
Driver info: org.openqa.selenium.chrome.ChromeDriver
Command: [4006a04e638451e00fadfc82d0336aaf, findElement {using=xpath, value=//a[normalize-space()='Log out']}]
Capabilities {acceptInsecureCerts: false, browserName: chrome, browserVersion: 101.0.4951.64, chrome: {chromedriverVersion: 101.0.4951.41 (93c720db8323..., userDataDir: C:\Users\jayen\AppData\Loca...}, goog:chromeOptions: {debuggerAddress: localhost:64313}, javascriptEnabled: true, networkConnectionEnabled: false, pageLoadStrategy: normal, platform: WINDOWS, platformName: WINDOWS, proxy: Proxy(), se:cdp: ws://localhost:64313/devtoo..., se:cdpVersion: 101.0.4951.64, setWindowRect: true, strictFileInteractability: false, timeouts: {implicit: 0, pageLoad: 300000, script: 30000}, unhandledPromptBehavior: dismiss and notify, webauthn:extension:credBlob: true, webauthn:extension:largeBlob: true, webauthn:virtualAuthenticators: true}
Session ID: 4006a04e638451e00fadfc82d0336aaf
at sun.reflect.NativeConstructorAccessorImpl.newInstance0(Native Method)
at sun.reflect.NativeConstructorAccessorImpl.newInstance(NativeConstructorAccessorImpl.java:62)
at sun.reflect.DelegatingConstructorAccessorImpl.newInstance(DelegatingConstructorAccessorImpl.java:45)
at java.lang.reflect.Constructor.newInstance(Constructor.java:423)
at org.openqa.selenium.remote.codec.w3c.W3CHttpResponseCodec.createException(W3CHttpResponseCodec.java:200)
at org.openqa.selenium.remote.codec.w3c.W3CHttpResponseCodec.decode(W3CHttpResponseCodec.java:133)
at org.openqa.selenium.remote.codec.w3c.W3CHttpResponseCodec.decode(W3CHttpResponseCodec.java:53)
at org.openqa.selenium.remote.HttpCommandExecutor.execute(HttpCommandExecutor.java:184)
at org.openqa.selenium.remote.service.DriverCommandExecutor.invokeExecute(DriverCommandExecutor.java:164)
at org.openqa.selenium.remote.service.DriverCommandExecutor.execute(DriverCommandExecutor.java:139)
at org.openqa.selenium.remote.RemoteWebDriver.execute(RemoteWebDriver.java:559)
at org.openqa.selenium.remote.ElementLocation$ElementFinder$2.findElement(ElementLocation.java:162)
at org.openqa.selenium.remote.ElementLocation.findElement(ElementLocation.java:60)
at org.openqa.selenium.remote.RemoteWebDriver.findElement(RemoteWebDriver.java:383)
at org.openqa.selenium.remote.RemoteWebDriver.findElement(RemoteWebDriver.java:375)
at org.openqa.selenium.support.pagefactory.DefaultElementLocator.findElement(DefaultElementLocator.java:70)
at org.openqa.selenium.support.pagefactory.internal.LocatingElementHandler.invoke(LocatingElementHandler.java:39)
at com.sun.proxy.$Proxy15.isDisplayed(Unknown Source)
at com.nopcommerce.demo.pages.HomePage.isLogOutLinkDisplay(HomePage.java:81)
at com.nopcommerce.demo.testsuite.LoginPageTest.verifyThatUserShouldLogInSuccessFullyWithValidCredentials(LoginPageTest.java:53)
at sun.reflect.NativeMethodAccessorImpl.invoke0(Native Method)
at sun.reflect.NativeMethodAccessorImpl.invoke(NativeMethodAccessorImpl.java:62)
at sun.reflect.DelegatingMethodAccessorImpl.invoke(DelegatingMethodAccessorImpl.java:43)
at java.lang.reflect.Method.invoke(Method.java:498)
at org.testng.internal.MethodInvocationHelper.invokeMethod(MethodInvocationHelper.java:124)
at org.testng.internal.Invoker.invokeMethod(Invoker.java:583)
at org.testng.internal.Invoker.invokeTestMethod(Invoker.java:719)
at org.testng.internal.Invoker.invokeTestMethods(Invoker.java:989)
at org.testng.internal.TestMethodWorker.invokeTestMethods(TestMethodWorker.java:125)
at org.testng.internal.TestMethodWorker.run(TestMethodWorker.java:109)
at org.testng.TestRunner.privateRun(TestRunner.java:648)
at org.testng.TestRunner.run(TestRunner.java:505)
at org.testng.SuiteRunner.runTest(SuiteRunner.java:455)
at org.testng.SuiteRunner.runSequentially(SuiteRunner.java:450)
at org.testng.SuiteRunner.privateRun(SuiteRunner.java:415)
at org.testng.SuiteRunner.run(SuiteRunner.java:364)
at org.testng.SuiteRunnerWorker.runSuite(SuiteRunnerWorker.java:52)
at org.testng.SuiteRunnerWorker.run(SuiteRunnerWorker.java:84)
at org.testng.TestNG.runSuitesSequentially(TestNG.java:1208)
at org.testng.TestNG.runSuitesLocally(TestNG.java:1137)
at org.testng.TestNG.runSuites(TestNG.java:1049)
at org.testng.TestNG.run(TestNG.java:1017)
at org.apache.maven.surefire.testng.TestNGExecutor.run(TestNGExecutor.java:283)
at org.apache.maven.surefire.testng.TestNGXmlTestSuite.execute(TestNGXmlTestSuite.java:75)
at org.apache.maven.surefire.testng.TestNGProvider.invoke(TestNGProvider.java:120)
at org.apache.maven.surefire.booter.ForkedBooter.invokeProviderInSameClassLoader(ForkedBooter.java:384)
at org.apache.maven.surefire.booter.ForkedBooter.runSuitesInProcess(ForkedBooter.java:345)
at org.apache.maven.surefire.booter.ForkedBooter.execute(ForkedBooter.java:126)
at org.apache.maven.surefire.booter.ForkedBooter.main(ForkedBooter.java:418)
]]>
            </full-stacktrace>
          </exception> <!-- org.openqa.selenium.NoSuchElementException -->
          <reporter-output>
            <line>
              <![CDATA[Clicking on login link Log in<br>]]>
            </line>
            <line>
              <![CDATA[Enter email XXxbd@gmail.com to email field <br>]]>
            </line>
            <line>
              <![CDATA[Enter password Prime123 to password field <br>]]>
            </line>
            <line>
              <![CDATA[Clicking on Login Button <br>]]>
            </line>
            <line>
              <![CDATA[Click to see screenshot]]>
            </line>
            <line>
              <![CDATA[<a target = "_blank" href=C:\Users\jayen\PrimeTesting\PrimeBatch_7\nop-commerce-demo/test-output/html/verifyThatUserShouldLogInSuccessFullyWithValidCredentialsSat_May_14_11_13_53_BST_2022.jpg>Screenshot</a>]]>
            </line>
            <line>
              <![CDATA[<br>]]>
            </line>
            <line>
              <![CDATA[<br>]]>
            </line>
            <line>
              <![CDATA[<a target = "_blank" href=C:\Users\jayen\PrimeTesting\PrimeBatch_7\nop-commerce-demo/test-output/html/verifyThatUserShouldLogInSuccessFullyWithValidCredentialsSat_May_14_11_13_53_BST_2022.jpg><img src=C:\Users\jayen\PrimeTesting\PrimeBatch_7\nop-commerce-demo/test-output/html/verifyThatUserShouldLogInSuccessFullyWithValidCredentialsSat_May_14_11_13_53_BST_2022.jpg height=200 width=200></img></a>]]>
            </line>
            <line>
              <![CDATA[Click to see screenshot]]>
            </line>
            <line>
              <![CDATA[<a target = "_blank" href=C:\Users\jayen\PrimeTesting\PrimeBatch_7\nop-commerce-demo/test-output/html/verifyThatUserShouldLogInSuccessFullyWithValidCredentialsSat_May_14_11_13_53_BST_2022.jpg>Screenshot</a>]]>
            </line>
            <line>
              <![CDATA[<br>]]>
            </line>
            <line>
              <![CDATA[<br>]]>
            </line>
            <line>
              <![CDATA[<a target = "_blank" href=C:\Users\jayen\PrimeTesting\PrimeBatch_7\nop-commerce-demo/test-output/html/verifyThatUserShouldLogInSuccessFullyWithValidCredentialsSat_May_14_11_13_53_BST_2022.jpg><img src=C:\Users\jayen\PrimeTesting\PrimeBatch_7\nop-commerce-demo/test-output/html/verifyThatUserShouldLogInSuccessFullyWithValidCredentialsSat_May_14_11_13_53_BST_2022.jpg height=200 width=200></img></a>]]>
            </line>
          </reporter-output>
        </test-method> <!-- verifyThatUserShouldLogInSuccessFullyWithValidCredentials -->
        <test-method status="PASS" signature="tearDown()[pri:0, instance:com.nopcommerce.demo.testsuite.LoginPageTest@6acdbdf5]" name="tearDown" is-config="true" duration-ms="853" started-at="2022-05-14T10:13:53Z" finished-at="2022-05-14T10:13:54Z">
          <reporter-output>
          </reporter-output>
        </test-method> <!-- tearDown -->
      </class> <!-- com.nopcommerce.demo.testsuite.LoginPageTest -->
    </test> <!-- Login Page Test -->
    <test name="Registration Page Test" duration-ms="5559" started-at="2022-05-14T10:13:54Z" finished-at="2022-05-14T10:14:00Z">
      <class name="com.nopcommerce.demo.testsuite.RegisterPageTest">
        <test-method status="PASS" signature="setUp()[pri:0, instance:com.nopcommerce.demo.testsuite.RegisterPageTest@1f57539]" name="setUp" is-config="true" duration-ms="3662" started-at="2022-05-14T10:13:54Z" finished-at="2022-05-14T10:13:58Z">
          <reporter-output>
          </reporter-output>
        </test-method> <!-- setUp -->
        <test-method status="PASS" signature="inIt()[pri:0, instance:com.nopcommerce.demo.testsuite.RegisterPageTest@1f57539]" name="inIt" is-config="true" duration-ms="8" started-at="2022-05-14T10:13:58Z" finished-at="2022-05-14T10:13:58Z">
          <reporter-output>
          </reporter-output>
        </test-method> <!-- inIt -->
        <test-method status="PASS" signature="verifyThatFirstNameLastNameEmailPasswordAndConfirmPasswordFieldsAreMandatory()[pri:2, instance:com.nopcommerce.demo.testsuite.RegisterPageTest@1f57539]" name="verifyThatFirstNameLastNameEmailPasswordAndConfirmPasswordFieldsAreMandatory" duration-ms="1062" started-at="2022-05-14T10:13:58Z" finished-at="2022-05-14T10:13:59Z">
          <reporter-output>
            <line>
              <![CDATA[Clicking on register link Register<br>]]>
            </line>
            <line>
              <![CDATA[Click on 'REGISTER' button<br>]]>
            </line>
            <line>
              <![CDATA[Click on 'REGISTER' button<br>]]>
            </line>
            <line>
              <![CDATA[Click on 'REGISTER' button<br>]]>
            </line>
            <line>
              <![CDATA[Click on 'REGISTER' button<br>]]>
            </line>
            <line>
              <![CDATA[Click on 'REGISTER' button<br>]]>
            </line>
            <line>
              <![CDATA[Click on 'REGISTER' button<br>]]>
            </line>
          </reporter-output>
        </test-method> <!-- verifyThatFirstNameLastNameEmailPasswordAndConfirmPasswordFieldsAreMandatory -->
        <test-method status="PASS" signature="tearDown()[pri:0, instance:com.nopcommerce.demo.testsuite.RegisterPageTest@1f57539]" name="tearDown" is-config="true" duration-ms="825" started-at="2022-05-14T10:13:59Z" finished-at="2022-05-14T10:14:00Z">
          <reporter-output>
          </reporter-output>
        </test-method> <!-- tearDown -->
      </class> <!-- com.nopcommerce.demo.testsuite.RegisterPageTest -->
    </test> <!-- Registration Page Test -->
  </suite> <!-- Sanity Suite -->
</testng-results>
