<?xml version="1.0" encoding="UTF-8"?>
<testsuite xmlns:xsi="http://www.w3.org/2001/XMLSchema-instance" xsi:noNamespaceSchemaLocation="https://maven.apache.org/surefire/maven-surefire-plugin/xsd/surefire-test-report.xsd" name="TestSuite" time="47.195" tests="4" errors="0" skipped="0" failures="1">
  <properties>
[...]
</properties>
  <testcase name="verifyUserShouldNavigateToDesktopsPageSuccessfully" classname="com.nopcommerce.demo.testsuite.ComputerPageTest" time="1.258"/>
  <testcase name="verifyErrorMessageWithInvalidCredentials" classname="com.nopcommerce.demo.testsuite.LoginPageTest" time="1.411"/>
  <testcase name="verifyThatUserShouldLogInSuccessFullyWithValidCredentials" classname="com.nopcommerce.demo.testsuite.LoginPageTest" time="21.935">
    <failure message="no such element: Unable to locate element: {&quot;method&quot;:&quot;xpath&quot;,&quot;selector&quot;:&quot;//a[normalize-space()=&apos;Log out&apos;]&quot;}&#10;  (Session info: chrome=101.0.4951.64)&#10;For documentation on this error, please visit: https://selenium.dev/exceptions/#no_such_element&#10;Build info: version: &apos;4.0.0&apos;, revision: &apos;3a21814679&apos;&#10;System info: host: &apos;LAPTOP-04B1LE1H&apos;, ip: &apos;192.168.1.100&apos;, os.name: &apos;Windows 10&apos;, os.arch: &apos;amd64&apos;, os.version: &apos;10.0&apos;, java.version: &apos;1.8.0_121&apos;&#10;Driver info: org.openqa.selenium.chrome.ChromeDriver&#10;Command: [4006a04e638451e00fadfc82d0336aaf, findElement {using=xpath, value=//a[normalize-space()=&apos;Log out&apos;]}]&#10;Capabilities {acceptInsecureCerts: false, browserName: chrome, browserVersion: 101.0.4951.64, chrome: {chromedriverVersion: 101.0.4951.41 (93c720db8323..., userDataDir: C:\Users\jayen\AppData\Loca...}, goog:chromeOptions: {debuggerAddress: localhost:64313}, javascriptEnabled: true, networkConnectionEnabled: false, pageLoadStrategy: normal, platform: WINDOWS, platformName: WINDOWS, proxy: Proxy(), se:cdp: ws://localhost:64313/devtoo..., se:cdpVersion: 101.0.4951.64, setWindowRect: true, strictFileInteractability: false, timeouts: {implicit: 0, pageLoad: 300000, script: 30000}, unhandledPromptBehavior: dismiss and notify, webauthn:extension:credBlob: true, webauthn:extension:largeBlob: true, webauthn:virtualAuthenticators: true}&#10;Session ID: 4006a04e638451e00fadfc82d0336aaf" type="org.openqa.selenium.NoSuchElementException">org.openqa.selenium.NoSuchElementException: 
no such element: Unable to locate element: {"method":"xpath","selector":"//a[normalize-space()='Log out']"}
  (Session info: chrome=101.0.4951.64)
For documentation on this error, please visit: https://selenium.dev/exceptions/#no_such_element
Build info: version: '4.0.0', revision: '3a21814679'
System info: host: 'LAPTOP-04B1LE1H', ip: '192.168.1.100', os.name: 'Windows 10', os.arch: 'amd64', os.version: '10.0', java.version: '1.8.0_121'
Driver info: org.openqa.selenium.chrome.ChromeDriver
Command: [4006a04e638451e00fadfc82d0336aaf, findElement {using=xpath, value=//a[normalize-space()='Log out']}]
Capabilities {acceptInsecureCerts: false, browserName: chrome, browserVersion: 101.0.4951.64, chrome: {chromedriverVersion: 101.0.4951.41 (93c720db8323..., userDataDir: C:\Users\jayen\AppData\Loca...}, goog:chromeOptions: {debuggerAddress: localhost:64313}, javascriptEnabled: true, networkConnectionEnabled: false, pageLoadStrategy: normal, platform: WINDOWS, platformName: WINDOWS, proxy: Proxy(), se:cdp: ws://localhost:64313/devtoo..., se:cdpVersion: 101.0.4951.64, setWindowRect: true, strictFileInteractability: false, timeouts: {implicit: 0, pageLoad: 300000, script: 30000}, unhandledPromptBehavior: dismiss and notify, webauthn:extension:credBlob: true, webauthn:extension:largeBlob: true, webauthn:virtualAuthenticators: true}
Session ID: 4006a04e638451e00fadfc82d0336aaf
	at com.nopcommerce.demo.testsuite.LoginPageTest.verifyThatUserShouldLogInSuccessFullyWithValidCredentials(LoginPageTest.java:53)
</failure>
    <system-out><![CDATA[DEBUG   16525   [freemark] (): Couldn't find template in cache for "codeblock.ftl"("en_GB", UTF-8, parsed); will try to load it.
DEBUG   16525   [freemark] (): TemplateLoader.findTemplateSource("codeblock_en_GB.ftl"): Not found
DEBUG   16525   [freemark] (): TemplateLoader.findTemplateSource("codeblock_en.ftl"): Not found
DEBUG   16525   [freemark] (): TemplateLoader.findTemplateSource("codeblock.ftl"): Found
DEBUG   16525   [freemark] (): Loading template for "codeblock.ftl"("en_GB", UTF-8, parsed) from "jar:file:/C:/Users/jayen/.m2/repository/com/aventstack/extentreports/5.0.8/extentreports-5.0.8.jar!/com/aventstack/extentreports/markup/codeblock.ftl"
DEBUG   16525   [freemark] (): Couldn't find template in cache for "codeblock.json.ftl"("en_GB", UTF-8, parsed); will try to load it.
DEBUG   16525   [freemark] (): TemplateLoader.findTemplateSource("codeblock.json_en_GB.ftl"): Not found
DEBUG   16525   [freemark] (): TemplateLoader.findTemplateSource("codeblock.json_en.ftl"): Not found
DEBUG   16525   [freemark] (): TemplateLoader.findTemplateSource("codeblock.json.ftl"): Found
DEBUG   16525   [freemark] (): Loading template for "codeblock.json.ftl"("en_GB", UTF-8, parsed) from "jar:file:/C:/Users/jayen/.m2/repository/com/aventstack/extentreports/5.0.8/extentreports-5.0.8.jar!/com/aventstack/extentreports/markup/codeblock.json.ftl"
]]></system-out>
    <system-err><![CDATA[Starting ChromeDriver 101.0.4951.41 (93c720db8323b3ec10d056025ab95c23a31997c9-refs/branch-heads/4951@{#904}) on port 59541
Only local connections are allowed.
Please see https://chromedriver.chromium.org/security-considerations for suggestions on keeping ChromeDriver safe.
ChromeDriver was started successfully.
May 14, 2022 11:13:29 AM org.openqa.selenium.remote.ProtocolHandshake createSession
INFO: Detected dialect: W3C
May 14, 2022 11:13:29 AM org.openqa.selenium.devtools.CdpVersionFinder findNearestMatch
WARNING: Unable to find an exact match for CDP version 101, so returning the closest version found: a no-op implementation
May 14, 2022 11:13:29 AM org.openqa.selenium.devtools.CdpVersionFinder findNearestMatch
INFO: Unable to find CDP implementation matching 101.
May 14, 2022 11:13:29 AM org.openqa.selenium.chromium.ChromiumDriver lambda$new$3
WARNING: Unable to find version of CDP to use for . You may need to include a dependency on a specific version of the CDP using something similar to `org.seleniumhq.selenium:selenium-devtools-v86:4.0.0` where the version ("v86") matches the version of the chromium-based browser you're using and the version number of the artifact is the same as Selenium's.
]]></system-err>
  </testcase>
  <testcase name="verifyThatFirstNameLastNameEmailPasswordAndConfirmPasswordFieldsAreMandatory" classname="com.nopcommerce.demo.testsuite.RegisterPageTest" time="1.062"/>
</testsuite>