<?xml version="1.0" encoding="UTF-8"?>
<testsuite name="Login Page Test"
           tests="4"
           failures="0"
           errors="0"
           skipped="0"
           time="5.836">
  <properties />
  
  
            <testcase name="verifyThatUserShouldLogInSuccessFullyWithValidCredentials" time="1.640" classname="com.nopcommerce.demo.testsuite.LoginPageTest" />
                <testcase name="verifyUserShouldNavigateToLoginPage" time="0.681" classname="com.nopcommerce.demo.testsuite.LoginPageTest" />
                <testcase name="verifyThatUserShouldLogOutSuccessFully" time="2.159" classname="com.nopcommerce.demo.testsuite.LoginPageTest" />
                <testcase name="verifyErrorMessageWithInvalidCredentials" time="1.356" classname="com.nopcommerce.demo.testsuite.LoginPageTest" />
      
</testsuite>
