<?xml version="1.0" encoding="UTF-8"?>
<testsuite name="Registration Page Test"
           tests="3"
           failures="0"
           errors="0"
           skipped="0"
           time="5.040">
  <properties />
  
  
            <testcase name="verifyThatFirstNameLastNameEmailPasswordAndConfirmPasswordFieldsAreMandatory" time="1.213" classname="com.nopcommerce.demo.testsuite.RegisterPageTest" />
                <testcase name="verifyUserShouldNavigateToRegisterPageSuccessfully" time="0.670" classname="com.nopcommerce.demo.testsuite.RegisterPageTest" />
                <testcase name="verifyThatUserShouldCreateAccountSuccessfully" time="3.157" classname="com.nopcommerce.demo.testsuite.RegisterPageTest" />
      
</testsuite>
